0 info it worked if it ends with ok
1 verbose cli [ '/usr/bin/node', '/usr/bin/npm', 'start' ]
2 info using npm@3.9.5
3 info using node@v6.2.1
4 verbose run-script [ 'prestart', 'start', 'poststart' ]
5 info lifecycle intro-to-react@1.0.0~prestart: intro-to-react@1.0.0
6 silly lifecycle intro-to-react@1.0.0~prestart: no script for prestart, continuing
7 info lifecycle intro-to-react@1.0.0~start: intro-to-react@1.0.0
8 verbose lifecycle intro-to-react@1.0.0~start: unsafe-perm in lifecycle true
9 verbose lifecycle intro-to-react@1.0.0~start: PATH: /usr/lib/node_modules/npm/bin/node-gyp-bin:/home/oat/Desktop/Train/node_modules/.bin:/usr/bin:/usr/local/sbin:/usr/local/bin:/usr/bin:/usr/bin/site_perl:/usr/bin/vendor_perl:/usr/bin/core_perl
10 verbose lifecycle intro-to-react@1.0.0~start: CWD: /home/oat/Desktop/Train
11 silly lifecycle intro-to-react@1.0.0~start: Args: [ '-c', 'node_modules/webpack-dev-server --inline' ]
12 silly lifecycle intro-to-react@1.0.0~start: Returned: code: 126  signal: null
13 info lifecycle intro-to-react@1.0.0~start: Failed to exec start script
14 verbose stack Error: intro-to-react@1.0.0 start: `node_modules/webpack-dev-server --inline`
14 verbose stack Exit status 126
14 verbose stack     at EventEmitter.<anonymous> (/usr/lib/node_modules/npm/lib/utils/lifecycle.js:245:16)
14 verbose stack     at emitTwo (events.js:106:13)
14 verbose stack     at EventEmitter.emit (events.js:191:7)
14 verbose stack     at ChildProcess.<anonymous> (/usr/lib/node_modules/npm/lib/utils/spawn.js:24:14)
14 verbose stack     at emitTwo (events.js:106:13)
14 verbose stack     at ChildProcess.emit (events.js:191:7)
14 verbose stack     at maybeClose (internal/child_process.js:852:16)
14 verbose stack     at Process.ChildProcess._handle.onexit (internal/child_process.js:215:5)
15 verbose pkgid intro-to-react@1.0.0
16 verbose cwd /home/oat/Desktop/Train
17 error Linux 4.6.2-1-ARCH
18 error argv "/usr/bin/node" "/usr/bin/npm" "start"
19 error node v6.2.1
20 error npm  v3.9.5
21 error code ELIFECYCLE
22 error intro-to-react@1.0.0 start: `node_modules/webpack-dev-server --inline`
22 error Exit status 126
23 error Failed at the intro-to-react@1.0.0 start script 'node_modules/webpack-dev-server --inline'.
23 error Make sure you have the latest version of node.js and npm installed.
23 error If you do, this is most likely a problem with the intro-to-react package,
23 error not with npm itself.
23 error Tell the author that this fails on your system:
23 error     node_modules/webpack-dev-server --inline
23 error You can get information on how to open an issue for this project with:
23 error     npm bugs intro-to-react
23 error Or if that isn't available, you can get their info via:
23 error     npm owner ls intro-to-react
23 error There is likely additional logging output above.
24 verbose exit [ 1, true ]
